h
o
l
a
Return
h
o
l
a
Return
Alt_L
Tab
Return
bar
Return
Escape
Return
s
a
BackSpace
Return
Escape
BackSpace
bar
BackSpace
Shift_L
bar
Return
bar
BackSpace
Shift_L
bar
Return
[65027]
bar
Return
Shift_L
bar
BackSpace
bar
Return
1
Return
bar
Return
Control_L
l
BackSpace
Control_L
c
Return
[65027]
braceright
space
Return
c
d
space
Shift_L
D
o
Tab
Shift_L
P
r
o
Tab
Return
l
s
Return
c
d
space
p
y
Tab
Return
l
s
Return
v
i
m
space
f
BackSpace
BackSpace
BackSpace
BackSpace
BackSpace
BackSpace
BackSpace
c
a
t
space
f
i
l
Tab
Return
c
d
space
Shift_L
D
o
Tab
Shift_L
C
BackSpace
Shift_L
P
r
Tab
p
Tab
Return
l
s
Return
v
i
m
space
k
e
Tab
Return
Down
Down
Down
Down
Down
Down
Down
Down
Down
Down
Down
Down
Down
Down
Down
Down
Down
Down
Down
Down
Down
Down
Down
Down
Down
Down
Down
Down
Down
Down
Down
Down
Down
Down
Down
Down
Down
Down
Down
Down
Down
Down
Down
Down
Down
Down
Down
Down
Down
Down
Down
Down
Down
Down
Down
Down
Down
Down
Down
Down
Down
Down
Down
Down
Down
Up
Up
Down
Down
Down
Down
Up
Up
Up
Up
Up
Up
Up
Up
Up
Up
Up
Up
Up
Up
Up
Up
1
2
2
3
4
5
6
7
8
9
0
apostrophe
questiondown
plus
braceleft
o
i
u
y
t
r
e
w
q
Tab
Return
a
s
d
f
g
h
j
k
l
ntilde
braceleft
braceright
less
z
x
c
v
b
n
m
comma
period
period
minus
period
Return
comma
Return
bar
bar
bar
bar
bar
bar
bar
bar
bar
bar
bar
bar
bar
bar
bar
bar
bar
bar
bar
bar
bar
bar
bar
bar
bar
bar
bar
bar
bar
Return
Shift_L
bar
Return
[65027]
bar
Return
[65027]
braceleft
braceright
plus
[65105]
BackSpace
Return
space
space
Return
F1
F2
less
Return
z
Return
minus
period
comma
Shift_R
semicolon
Return
Shift_R
[65105]
Return
Alt_L
Tab
Tab
Alt_L
Tab
Tab
apostrophe
Return
[65105]
m
BackSpace
[65105]
space
Return
[65027]
braceright
space
Return
Down
Down
Alt_L
9
6
Return
Shift_R
colon
q
Return
v
i
m
space
f
i
Tab
Return
Up
Down
Down
Down
Down
Down
Down
Down
Down
Down
Down
Down
Down
Down
Down
Down
Down
Down
Down
Down
Down
Down
Down
Down
Down
Down
Down
Down
Down
Down
Down
Down
Down
Down
Down
Down
Down
Down
Down
Down
Down
Down
Down
Down
Down
Down
Down
Down
Down
Down
Down
Down
Down
Down
Down
Down
Down
Down
Down
Down
Down
Down
Down
Down
Down
Down
Down
Down
Down
Down
Down
Down
Down
Down
Down
Down
Down
Down
Down
Down
Down
Down
Down
Down
Down
Down
Down
Down
Down
Down
Down
Down
Down
Down
Down
Down
Down
Down
Down
Down
Down
Down
Down
Down
Down
Down
Down
Down
Down
Down
Down
Down
Down
Down
Down
Down
Down
Down
Down
Down
Down
Down
Down
Down
Down
Down
Down
Down
Down
Down
Down
Down
Down
Down
Down
Down
Down
Down
Down
Down
Down
Down
Down
Down
Down
Down
Down
Down
Down
Down
Down
Down
Down
Down
Down
Down
Down
Down
Down
Down
Down
Down
Down
Down
Down
Down
Down
Down
Down
Down
Down
Down
Down
Down
Down
Down
Down
Down
Down
Down
Down
Down
Down
Down
Down
Down
Down
Down
Down
Down
Down
Down
Down
Down
Down
Down
Down
Down
Down
Down
Down
Down
Down
Down
Down
Down
Down
Down
Down
Down
Down
Down
Down
Down
Down
Down
Down
Down
Down
Down
Down
Down
Down
Down
Down
Down
Down
Down
Down
Down
Down
Down
Down
Down
Down
Down
Down
Down
Down
Down
Down
Down
Down
Down
Down
Down
Down
Down
Down
Down
Down
Down
Down
Down
Down
Down
Down
Down
Down
Down
Down
Down
Down
Down
Down
Down
Down
Down
Down
Down
Down
Down
Down
Down
Down
Down
Down
Down
Down
Down
Down
Down
Down
Down
Down
Down
Down
Down
Down
Down
Down
Down
Down
Down
Down
Down
Down
Down
Down
Down
Down
Down
Down
Down
Down
Down
Down
Down
Down
Down
Down
Down
Down
Down
Down
Down
Down
Down
Down
Down
Down
Down
Down
Down
Down
Down
Down
Down
Down
Down
Down
Down
Down
Down
Down
Down
Down
Down
Down
Down
Down
Down
Down
Down
Down
Down
Down
Down
Down
Down
Down
Down
Down
Down
Down
Down
Down
Down
Down
Down
Down
Down
Down
Down
Down
Down
Down
Down
Down
Down
Down
Down
Down
Down
Down
Down
Down
Down
Down
Down
Down
Down
Down
Down
Down
Down
Down
Down
Down
Down
Down
Down
Down
Down
Down
Down
Down
Down
Down
Down
Down
Down
Down
Down
Down
Down
Down
Down
Down
Down
Down
Down
Down
Down
Down
Down
Down
Down
Down
Down
Down
Down
Down
Down
Down
Down
Down
Down
Down
Down
Down
Shift_R
colon
q
Return
v
i
m
space
p
y
Tab
Return
Down
Down
Down
Down
Down
Down
Down
Down
Down
Down
Down
Down
Down
Down
Down
Down
Down
Down
Down
Down
Down
Down
Down
Down
Down
Down
Down
Down
Down
Down
Down
Down
Down
Down
Down
Down
Down
Down
Down
Down
Down
Down
Down
Down
Down
Down
Down
Down
Down
Down
Down
Down
Down
Down
Down
Down
Down
Down
Down
Down
Down
Down
Down
Down
Down
Down
Down
Down
Down
Down
Down
Down
Down
Down
Down
Down
Down
Down
Down
Down
Down
Down
Down
Down
Down
Down
Down
Down
Down
Down
Down
Down
Down
Down
Shift_R
colon
q
Return
l
s
Return
v
i
m
space
k
e
Tab
Return
Down
Down
Down
Down
Down
Down
Down
Down
Down
Down
Down
Down
Down
Down
Down
Down
Down
Down
Down
Down
Down
Down
Down
Down
Down
Down
Down
Down
Down
Up
Up
Up
Up
Up
Up
Up
Up
Up
Up
Up
Up
Up
Up
Up
Up
Up
Up
Up
Up
Up
Up
Up
Up
Up
Up
Up
Up
Up
Up
Up
Up
Up
Up
Up
Down
Down
Down
Down
Down
Down
Down
Down
Down
Down
Down
Down
Down
Down
Down
Down
Down
Down
Down
Down
Down
Down
Down
Down
Down
Down
Down
Down
Down
Down
Down
Down
Down
Down
Down
Down
Down
Down
Down
Down
Shift_R
colon
q
Return
Up
Up
Up
Return
Down
Down
Down
Down
Down
Down
Down
Down
Down
Down
Down
Down
Down
Down
Down
Down
Down
Down
Down
Down
Down
Down
Down
Down
Down
Down
Down
Down
Down
Down
Down
Down
Down
Down
Down
Down
Down
Down
Down
Down
Down
Down
Down
Down
Down
Down
Down
Down
Down
Down
Down
Down
Down
Down
Down
Down
Down
Down
Down
Down
Down
Down
Down
Down
Down
Down
Down
Down
Down
Down
Down
Down
Down
Down
Down
Down
Down
Down
Down
Down
Down
Down
Down
Down
Down
Down
Down
Down
Down
Down
Down
Down
Down
Down
Down
Down
Down
Down
Down
Down
Down
Down
Down
Down
Down
Down
Down
Shift_R
colon
q
Return
v
i
m
space
k
e
Tab
Return
Down
Down
Down
Down
Down
Down
Down
Down
Down
Down
Down
Down
Down
Down
Down
Down
Down
Down
Down
Down
Down
Down
Down
Down
Down
Down
Down
Down
Down
Down
Down
Down
Down
Down
Down
Down
Down
Down
Down
Down
Down
Down
Down
Down
Down
Down
Down
Down
Down
Down
Down
Down
Down
Up
Up
Up
Up
Up
Down
Up
Up
Up
Up
Up
Right
Up
Right
Right
Insert
Right
Right
Right
Right
Left
Up
Escape
Shift_R
colon
q
Return
Up
Return
Down
Down
Down
Down
Down
Down
Down
Down
Down
Down
Down
Down
Down
Down
Down
Down
Down
Down
Down
Down
Down
Down
Down
Down
Right
Up
Right
Right
Right
Right
Right
Right
Right
Right
Insert
Right
Right
Right
Right
Right
Right
Right
Right
Right
Right
Right
BackSpace
BackSpace
Escape
Shift_R
colon
q
Return
Shift_R
colon
q
Shift_L
exclam
Return
c
d
space
period
period
Return
l
s
Return
c
p
space
p
y
Tab
space
Shift_L

e
y
l
o
g
g
e
r
Return
l
s
Return
Up
Up
Left
Left
Left
Left
Left
Left
Left
Left
Left
Left
Left
Left
Left
Left
Left
Left
Left
Left
Left
Left
Left
Left
Left
minus
r
space
Return
q
w
e
Return
q
w
e
r
t
y
Return
h
o
l
a
space
x
o
m
o
space
e
s
t
a
s
Return
Escape
Escape
Return
q
w
e
r
t
y
u
Return
c
o
n
t
r
a
s
e
ntilde
a
Shift_R
colon
space
n
i
j
o
space
d
e
space
l
a
space
m
o
d
r
e
Return
Control_L
c
Return
Control_L
l
Control_L
o
Return
Control_L
x
Return
Control_L
c
Return
Control_L
